Determining if the pthread_create exist failed with the following output:
Change Dir: /home/SENSETIME/panyue/pyfolder/codes/CloudControlNet/build/CMakeFiles/CMakeTmp

Run Build Command:"/usr/bin/make" "cmTC_24d78/fast"
/usr/bin/make -f CMakeFiles/cmTC_24d78.dir/build.make CMakeFiles/cmTC_24d78.dir/build
make[1]: Entering directory '/home/SENSETIME/panyue/pyfolder/codes/CloudControlNet/build/CMakeFiles/CMakeTmp'
Building C object CMakeFiles/cmTC_24d78.dir/CheckSymbolExists.c.o
/usr/bin/cc     -o CMakeFiles/cmTC_24d78.dir/CheckSymbolExists.c.o   -c /home/SENSETIME/panyue/pyfolder/codes/CloudControlNet/build/CMakeFiles/CMakeTmp/CheckSymbolExists.c
Linking C executable cmTC_24d78
/usr/bin/cmake -E cmake_link_script CMakeFiles/cmTC_24d78.dir/link.txt --verbose=1
/usr/bin/cc       CMakeFiles/cmTC_24d78.dir/CheckSymbolExists.c.o  -o cmTC_24d78 -rdynamic 
CMakeFiles/cmTC_24d78.dir/CheckSymbolExists.c.o: In function `main':
CheckSymbolExists.c:(.text+0x16): undefined reference to `pthread_create'
collect2: error: ld returned 1 exit status
CMakeFiles/cmTC_24d78.dir/build.make:97: recipe for target 'cmTC_24d78' failed
make[1]: *** [cmTC_24d78] Error 1
make[1]: Leaving directory '/home/SENSETIME/panyue/pyfolder/codes/CloudControlNet/build/CMakeFiles/CMakeTmp'
Makefile:126: recipe for target 'cmTC_24d78/fast' failed
make: *** [cmTC_24d78/fast] Error 2

File /home/SENSETIME/panyue/pyfolder/codes/CloudControlNet/build/CMakeFiles/CMakeTmp/CheckSymbolExists.c:
/* */
#include <pthread.h>

int main(int argc, char** argv)
{
  (void)argv;
#ifndef pthread_create
  return ((int*)(&pthread_create))[argc];
#else
  (void)argc;
  return 0;
#endif
}

Determining if the function pthread_create exists in the pthreads failed with the following output:
Change Dir: /home/SENSETIME/panyue/pyfolder/codes/CloudControlNet/build/CMakeFiles/CMakeTmp

Run Build Command:"/usr/bin/make" "cmTC_bcb21/fast"
/usr/bin/make -f CMakeFiles/cmTC_bcb21.dir/build.make CMakeFiles/cmTC_bcb21.dir/build
make[1]: Entering directory '/home/SENSETIME/panyue/pyfolder/codes/CloudControlNet/build/CMakeFiles/CMakeTmp'
Building C object CMakeFiles/cmTC_bcb21.dir/CheckFunctionExists.c.o
/usr/bin/cc    -DCHECK_FUNCTION_EXISTS=pthread_create   -o CMakeFiles/cmTC_bcb21.dir/CheckFunctionExists.c.o   -c /usr/share/cmake-3.5/Modules/CheckFunctionExists.c
Linking C executable cmTC_bcb21
/usr/bin/cmake -E cmake_link_script CMakeFiles/cmTC_bcb21.dir/link.txt --verbose=1
/usr/bin/cc   -DCHECK_FUNCTION_EXISTS=pthread_create    CMakeFiles/cmTC_bcb21.dir/CheckFunctionExists.c.o  -o cmTC_bcb21 -rdynamic -lpthreads 
/usr/bin/ld: cannot find -lpthreads
collect2: error: ld returned 1 exit status
CMakeFiles/cmTC_bcb21.dir/build.make:97: recipe for target 'cmTC_bcb21' failed
make[1]: *** [cmTC_bcb21] Error 1
make[1]: Leaving directory '/home/SENSETIME/panyue/pyfolder/codes/CloudControlNet/build/CMakeFiles/CMakeTmp'
Makefile:126: recipe for target 'cmTC_bcb21/fast' failed
make: *** [cmTC_bcb21/fast] Error 2


